{
  "RSpec": {
    "coverage": {
      "/Users/jhs16/Documents/Code/tic-tac-toe-rb-london-whitehat-1908/lib/tic_tac_toe.rb": [
        null,
        1,
        null,
        null,
        null,
        null,
        null,
        null,
        null,
        null,
        null,
        1,
        26,
        26,
        26,
        26,
        26,
        null,
        null,
        1,
        12,
        18,
        null,
        null,
        12,
        3,
        3,
        null,
        9,
        5,
        null,
        null,
        null,
        null,
        1,
        21,
        21,
        21,
        21,
        1,
        null,
        21,
        21,
        null,
        null,
        1,
        24,
        null,
        null,
        1,
        24,
        null,
        null,
        1,
        28,
        25,
        null,
        3,
        null,
        1,
        24,
        23,
        21,
        null,
        null,
        3,
        null,
        null,
        1,
        22,
        14,
        null,
        8,
        null,
        null,
        1,
        53,
        53,
        477,
        105,
        null,
        null,
        53,
        null,
        null,
        1,
        28,
        28,
        252,
        126,
        null,
        null,
        28,
        7,
        null,
        21,
        null,
        null,
        null,
        1,
        20,
        8,
        null,
        12,
        null,
        null,
        1,
        32,
        21,
        null,
        11,
        null,
        null,
        1,
        27,
        4,
        null,
        23,
        null,
        null,
        null,
        1,
        39,
        245,
        245,
        245,
        null,
        245,
        245,
        245,
        null,
        245,
        17,
        null,
        null,
        null,
        null
      ]
    },
    "timestamp": 1565276674
  }
}
