{
  "RSpec": {
    "coverage": {
      "/Users/abk16/Documents/Code/tic-tac-toe-rb-london-whitehat-1908/lib/tic_tac_toe.rb": [
        1,
        1,
        26,
        26,
        26,
        26,
        26,
        null,
        null,
        1,
        1,
        null,
        1,
        24,
        null,
        null,
        1,
        23,
        null,
        null,
        1,
        26,
        23,
        3,
        3,
        null,
        null,
        null,
        1,
        24,
        21,
        null,
        3,
        null,
        null,
        1,
        21,
        21,
        21,
        21,
        1,
        null,
        20,
        20,
        null,
        null,
        null,
        1,
        12,
        18,
        null,
        12,
        3,
        null,
        12,
        5,
        null,
        null,
        null,
        1,
        22,
        220,
        22,
        null,
        null,
        1,
        21,
        21,
        14,
        null,
        7,
        null,
        null,
        null,
        null,
        1,
        null,
        null,
        null,
        null,
        null,
        null,
        null,
        null,
        1,
        36,
        228,
        228,
        228,
        null,
        228,
        10,
        null,
        218,
        2,
        null,
        null,
        null,
        null,
        null,
        null,
        1,
        7,
        29,
        29,
        29,
        null,
        29,
        4,
        null,
        25,
        2,
        null,
        null,
        null,
        null,
        null,
        1,
        22,
        10,
        null,
        12,
        null,
        null,
        1,
        35,
        7,
        null,
        28,
        null,
        null,
        null,
        1,
        36,
        178,
        26,
        null,
        null,
        10,
        null
      ]
    },
    "timestamp": 1565598145
  }
}
